<?xml version="1.0" encoding="UTF-8"?>
<!-- Generated by org.testng.reporters.JUnitReportReporter -->
<testsuite hostname="DESKTOP-JK5ND52" failures="0" tests="4" name="test_file.Test_Calculator" time="11.620" errors="0" timestamp="2022-06-21T16:37:00 IST" skipped="0">
  <testcase classname="test_file.Test_Calculator" name="run_addition" time="3.558"/>
  <system-out/>
  <testcase classname="test_file.Test_Calculator" name="run_multiplication" time="2.247"/>
  <system-out/>
  <testcase classname="test_file.Test_Calculator" name="run_substraction" time="3.508"/>
  <system-out/>
  <testcase classname="test_file.Test_Calculator" name="run_division" time="2.307"/>
  <system-out/>
</testsuite> <!-- test_file.Test_Calculator -->
